  [1m[36m (0.1ms)[0m  [1mselect sqlite_version(*)[0m
  [1m[35m (1.9ms)[0m  CREATE TABLE "schema_migrations" ("version" varchar(255) NOT NULL) 
  [1m[36m (0.1ms)[0m  [1mPRAGMA index_list("schema_migrations")[0m
  [1m[35m (2.1ms)[0m  CREATE UNIQUE INDEX "unique_schema_migrations" ON "schema_migrations" ("version")
  [1m[36m (0.1ms)[0m  [1mSELECT "schema_migrations"."version" FROM "schema_migrations" [0m
  [1m[36m (0.1ms)[0m  [1mSELECT "schema_migrations"."version" FROM "schema_migrations" [0m
Migrating to CreateForemTopics (20110607020624)
  [1m[35m (0.0ms)[0m  select sqlite_version(*)
  [1m[36m (0.6ms)[0m  [1mCREATE TABLE "forem_topics" ("id" INTEGER PRIMARY KEY AUTOINCREMENT NOT NULL, "subject" text, "user_id" integer, "created_at" datetime, "updated_at" datetime) [0m
  [1m[35m (0.1ms)[0m  INSERT INTO "schema_migrations" ("version") VALUES ('20110607020624')
  [1m[36m (0.1ms)[0m  [1mSELECT "schema_migrations"."version" FROM "schema_migrations" [0m
  [1m[35m (0.0ms)[0m  PRAGMA index_list("forem_topics")
  [1m[36m (0.1ms)[0m  [1mSELECT "schema_migrations"."version" FROM "schema_migrations" [0m
Migrating to CreateForemTopics (20110607020624)
Migrating to CreateForemPosts (20110607021444)
  [1m[35m (0.0ms)[0m  select sqlite_version(*)
  [1m[36m (0.5ms)[0m  [1mCREATE TABLE "forem_posts" ("id" INTEGER PRIMARY KEY AUTOINCREMENT NOT NULL, "topic_id" integer, "text" text, "user_id" integer, "created_at" datetime, "updated_at" datetime) [0m
  [1m[35m (0.1ms)[0m  INSERT INTO "schema_migrations" ("version") VALUES ('20110607021444')
  [1m[36m (0.1ms)[0m  [1mSELECT "schema_migrations"."version" FROM "schema_migrations" [0m
  [1m[35m (0.0ms)[0m  PRAGMA index_list("forem_posts")
  [1m[36m (0.0ms)[0m  [1mPRAGMA index_list("forem_topics")[0m


Started GET "/" for 127.0.0.1 at 2011-06-07 13:14:49 +1000

ActionController::RoutingError (No route matches [GET] "/"):
  

Rendered /Users/ryan/.rvm/gems/ruby-1.9.2-p180/bundler/gems/rails-377b15a22353/actionpack/lib/action_dispatch/middleware/templates/rescues/routing_error.erb within rescues/layout (10.8ms)


Started GET "/fore" for 127.0.0.1 at 2011-06-07 13:14:56 +1000

ActionController::RoutingError (No route matches [GET] "/fore"):
  

Rendered /Users/ryan/.rvm/gems/ruby-1.9.2-p180/bundler/gems/rails-377b15a22353/actionpack/lib/action_dispatch/middleware/templates/rescues/routing_error.erb within rescues/layout (0.6ms)


Started GET "/forem" for 127.0.0.1 at 2011-06-07 13:14:58 +1000

ActionController::RoutingError (No route matches [GET] "/forem"):
  

Rendered /Users/ryan/.rvm/gems/ruby-1.9.2-p180/bundler/gems/rails-377b15a22353/actionpack/lib/action_dispatch/middleware/templates/rescues/routing_error.erb within rescues/layout (0.6ms)


Started GET "/topics" for 127.0.0.1 at 2011-06-07 13:15:01 +1000

ActionController::RoutingError (No route matches [GET] "/topics"):
  

Rendered /Users/ryan/.rvm/gems/ruby-1.9.2-p180/bundler/gems/rails-377b15a22353/actionpack/lib/action_dispatch/middleware/templates/rescues/routing_error.erb within rescues/layout (0.7ms)


Started GET "/" for 127.0.0.1 at 2011-06-07 13:15:03 +1000

ActionController::RoutingError (No route matches [GET] "/"):
  

Rendered /Users/ryan/.rvm/gems/ruby-1.9.2-p180/bundler/gems/rails-377b15a22353/actionpack/lib/action_dispatch/middleware/templates/rescues/routing_error.erb within rescues/layout (0.7ms)


Started GET "/forem" for 127.0.0.1 at 2011-06-07 13:15:14 +1000

ActionController::RoutingError (No route matches [GET] "/forem"):
  

Rendered /Users/ryan/.rvm/gems/ruby-1.9.2-p180/bundler/gems/rails-377b15a22353/actionpack/lib/action_dispatch/middleware/templates/rescues/routing_error.erb within rescues/layout (0.6ms)


Started GET "/forem/topics" for 127.0.0.1 at 2011-06-07 13:15:16 +1000
  Processing by Forem::TopicsController#index as HTML
  [1m[36mForem::Topic Load (0.2ms)[0m  [1mSELECT "forem_topics".* FROM "forem_topics" [0m
Rendered /Users/ryan/Sites/book/forem/app/views/forem/topics/index.html.erb (1.0ms)
Completed 200 OK in 5ms (Views: 4.0ms | ActiveRecord: 0.2ms)


Started GET "/forem/topics/new" for 127.0.0.1 at 2011-06-07 13:15:17 +1000
  Processing by Forem::TopicsController#new as HTML
Rendered /Users/ryan/Sites/book/forem/app/views/forem/posts/_form.html.erb (1.2ms)
Rendered /Users/ryan/Sites/book/forem/app/views/forem/topics/_form.html.erb (6.9ms)
Rendered /Users/ryan/Sites/book/forem/app/views/forem/topics/new.html.erb (17.4ms)
Completed 200 OK in 139ms (Views: 20.3ms | ActiveRecord: 0.7ms)


Started POST "/forem/topics" for 127.0.0.1 at 2011-06-07 13:15:21 +1000
  Processing by Forem::TopicsController#create as HTML
  Parameters: {"utf8"=>"✓", "authenticity_token"=>"N+ZEHjeV2ThxuQBiOklcMc4kB6mYp47RV+ZneFdBOxY=", "topic"=>{"subject"=>"omg", "posts_attributes"=>{"0"=>{"text"=>"wut"}}}, "commit"=>"Create Topic"}
  [1m[35mSQL (16.8ms)[0m  INSERT INTO "forem_topics" ("created_at", "subject", "updated_at", "user_id") VALUES (?, ?, ?, ?)  [["created_at", Tue, 07 Jun 2011 03:15:21 UTC +00:00], ["subject", "omg"], ["updated_at", Tue, 07 Jun 2011 03:15:21 UTC +00:00], ["user_id", nil]]
  [1m[36mSQL (0.5ms)[0m  [1mINSERT INTO "forem_posts" ("created_at", "text", "topic_id", "updated_at", "user_id") VALUES (?, ?, ?, ?, ?)[0m  [["created_at", Tue, 07 Jun 2011 03:15:21 UTC +00:00], ["text", "wut"], ["topic_id", 1], ["updated_at", Tue, 07 Jun 2011 03:15:21 UTC +00:00], ["user_id", nil]]
Redirected to http://localhost:3000/forem/topics/1
Completed 302 Found in 48ms


Started GET "/forem/topics/1" for 127.0.0.1 at 2011-06-07 13:15:21 +1000
  Processing by Forem::TopicsController#show as HTML
  Parameters: {"id"=>"1"}
  [1m[35mForem::Topic Load (0.1ms)[0m  SELECT "forem_topics".* FROM "forem_topics" WHERE "forem_topics"."id" = ? LIMIT 1  [["id", "1"]]
  [1m[36mForem::Post Load (0.2ms)[0m  [1mSELECT "forem_posts".* FROM "forem_posts" WHERE "forem_posts"."topic_id" = 1 ORDER BY created_at ASC[0m
Rendered /Users/ryan/Sites/book/forem/app/views/forem/posts/_post.html.erb (28.8ms)
Rendered /Users/ryan/Sites/book/forem/app/views/forem/topics/show.html.erb (50.4ms)
Completed 200 OK in 56ms (Views: 53.0ms | ActiveRecord: 1.0ms)


Started GET "/forem/topics/1" for 127.0.0.1 at 2011-06-07 13:15:22 +1000
  Processing by Forem::TopicsController#show as HTML
  Parameters: {"id"=>"1"}
  [1m[35mForem::Topic Load (0.2ms)[0m  SELECT "forem_topics".* FROM "forem_topics" WHERE "forem_topics"."id" = ? LIMIT 1  [["id", "1"]]
  [1m[36mForem::Post Load (0.2ms)[0m  [1mSELECT "forem_posts".* FROM "forem_posts" WHERE "forem_posts"."topic_id" = 1 ORDER BY created_at ASC[0m
Rendered /Users/ryan/Sites/book/forem/app/views/forem/posts/_post.html.erb (6.7ms)
Rendered /Users/ryan/Sites/book/forem/app/views/forem/topics/show.html.erb (29.1ms)
Completed 200 OK in 35ms (Views: 31.7ms | ActiveRecord: 1.2ms)


Started GET "/forem/topics/1" for 127.0.0.1 at 2011-06-07 13:15:32 +1000
  Processing by Forem::TopicsController#show as HTML
  Parameters: {"id"=>"1"}
  [1m[35mForem::Topic Load (0.1ms)[0m  SELECT "forem_topics".* FROM "forem_topics" WHERE "forem_topics"."id" = ? LIMIT 1  [["id", "1"]]
  [1m[36mForem::Post Load (0.2ms)[0m  [1mSELECT "forem_posts".* FROM "forem_posts" WHERE "forem_posts"."topic_id" = 1 ORDER BY created_at ASC[0m
Rendered /Users/ryan/Sites/book/forem/app/views/forem/posts/_post.html.erb (5.3ms)
Rendered /Users/ryan/Sites/book/forem/app/views/forem/topics/show.html.erb (26.9ms)
Completed 200 OK in 32ms (Views: 29.5ms | ActiveRecord: 0.9ms)


Started GET "/forem/topics/1" for 127.0.0.1 at 2011-06-07 13:15:33 +1000
  Processing by Forem::TopicsController#show as HTML
  Parameters: {"id"=>"1"}
  [1m[35mForem::Topic Load (0.1ms)[0m  SELECT "forem_topics".* FROM "forem_topics" WHERE "forem_topics"."id" = ? LIMIT 1  [["id", "1"]]
  [1m[36mForem::Post Load (0.2ms)[0m  [1mSELECT "forem_posts".* FROM "forem_posts" WHERE "forem_posts"."topic_id" = 1 ORDER BY created_at ASC[0m
Rendered /Users/ryan/Sites/book/forem/app/views/forem/posts/_post.html.erb (5.3ms)
Rendered /Users/ryan/Sites/book/forem/app/views/forem/topics/show.html.erb (27.0ms)
Completed 200 OK in 32ms (Views: 29.5ms | ActiveRecord: 0.9ms)


Started GET "/forem/topics/1" for 127.0.0.1 at 2011-06-07 13:15:34 +1000
  Processing by Forem::TopicsController#show as HTML
  Parameters: {"id"=>"1"}
  [1m[35mForem::Topic Load (0.1ms)[0m  SELECT "forem_topics".* FROM "forem_topics" WHERE "forem_topics"."id" = ? LIMIT 1  [["id", "1"]]
  [1m[36mForem::Post Load (0.2ms)[0m  [1mSELECT "forem_posts".* FROM "forem_posts" WHERE "forem_posts"."topic_id" = 1 ORDER BY created_at ASC[0m
Rendered /Users/ryan/Sites/book/forem/app/views/forem/posts/_post.html.erb (5.2ms)
Rendered /Users/ryan/Sites/book/forem/app/views/forem/topics/show.html.erb (27.0ms)
Completed 200 OK in 32ms (Views: 29.6ms | ActiveRecord: 0.9ms)


Started GET "/forem/topics/1" for 127.0.0.1 at 2011-06-07 13:15:34 +1000
  Processing by Forem::TopicsController#show as HTML
  Parameters: {"id"=>"1"}
  [1m[35mForem::Topic Load (0.1ms)[0m  SELECT "forem_topics".* FROM "forem_topics" WHERE "forem_topics"."id" = ? LIMIT 1  [["id", "1"]]
  [1m[36mForem::Post Load (0.2ms)[0m  [1mSELECT "forem_posts".* FROM "forem_posts" WHERE "forem_posts"."topic_id" = 1 ORDER BY created_at ASC[0m
Rendered /Users/ryan/Sites/book/forem/app/views/forem/posts/_post.html.erb (6.3ms)
Rendered /Users/ryan/Sites/book/forem/app/views/forem/topics/show.html.erb (29.2ms)
Completed 200 OK in 69ms (Views: 66.5ms | ActiveRecord: 0.9ms)


Started GET "/forem/topics/1" for 127.0.0.1 at 2011-06-07 13:15:43 +1000
  Processing by Forem::TopicsController#show as HTML
  Parameters: {"id"=>"1"}
  [1m[35mForem::Topic Load (0.1ms)[0m  SELECT "forem_topics".* FROM "forem_topics" WHERE "forem_topics"."id" = ? LIMIT 1  [["id", "1"]]
  [1m[36mForem::Post Load (0.3ms)[0m  [1mSELECT "forem_posts".* FROM "forem_posts" WHERE "forem_posts"."topic_id" = 1 ORDER BY created_at ASC[0m
Rendered /Users/ryan/Sites/book/forem/app/views/forem/posts/_post.html.erb (6.4ms)
Rendered /Users/ryan/Sites/book/forem/app/views/forem/topics/show.html.erb (68.8ms)
Completed 200 OK in 75ms (Views: 71.6ms | ActiveRecord: 1.3ms)


Started GET "/forem/topics/1" for 127.0.0.1 at 2011-06-07 13:15:53 +1000

LoadError (Expected /Users/ryan/Sites/book/forem/app/controllers/forem/application_controller.rb to define Forem::ApplicationController):
  

Rendered /Users/ryan/.rvm/gems/ruby-1.9.2-p180/bundler/gems/rails-377b15a22353/actionpack/lib/action_dispatch/middleware/templates/rescues/_trace.erb (1.0ms)
Rendered /Users/ryan/.rvm/gems/ruby-1.9.2-p180/bundler/gems/rails-377b15a22353/actionpack/lib/action_dispatch/middleware/templates/rescues/_request_and_response.erb (0.8ms)
Rendered /Users/ryan/.rvm/gems/ruby-1.9.2-p180/bundler/gems/rails-377b15a22353/actionpack/lib/action_dispatch/middleware/templates/rescues/diagnostics.erb within rescues/layout (4.1ms)


Started GET "/forem/topics/1" for 127.0.0.1 at 2011-06-07 13:15:56 +1000

LoadError (Expected /Users/ryan/Sites/book/forem/app/controllers/forem/application_controller.rb to define Forem::ApplicationController):
  

Rendered /Users/ryan/.rvm/gems/ruby-1.9.2-p180/bundler/gems/rails-377b15a22353/actionpack/lib/action_dispatch/middleware/templates/rescues/_trace.erb (1.0ms)
Rendered /Users/ryan/.rvm/gems/ruby-1.9.2-p180/bundler/gems/rails-377b15a22353/actionpack/lib/action_dispatch/middleware/templates/rescues/_request_and_response.erb (0.9ms)
Rendered /Users/ryan/.rvm/gems/ruby-1.9.2-p180/bundler/gems/rails-377b15a22353/actionpack/lib/action_dispatch/middleware/templates/rescues/diagnostics.erb within rescues/layout (4.1ms)


Started GET "/forem/topics/1" for 127.0.0.1 at 2011-06-07 13:16:03 +1000
  Processing by Forem::TopicsController#show as HTML
  Parameters: {"id"=>"1"}
  [1m[35mForem::Topic Load (0.1ms)[0m  SELECT "forem_topics".* FROM "forem_topics" WHERE "forem_topics"."id" = ? LIMIT 1  [["id", "1"]]
  [1m[36mForem::Post Load (0.2ms)[0m  [1mSELECT "forem_posts".* FROM "forem_posts" WHERE "forem_posts"."topic_id" = 1 ORDER BY created_at ASC[0m
Rendered /Users/ryan/Sites/book/forem/app/views/forem/posts/_post.html.erb (5.4ms)
Rendered /Users/ryan/Sites/book/forem/app/views/forem/topics/show.html.erb within layouts/application (26.4ms)
Completed 200 OK in 33ms (Views: 30.2ms | ActiveRecord: 0.9ms)


Started GET "/assets/application.css" for 127.0.0.1 at 2011-06-07 13:16:03 +1000
Compiled ~/Sites/book/forem/spec/dummy/app/assets/stylesheets/application.css  (0ms)  (pid 85164)
Compiled ~/Sites/book/forem/spec/dummy/app/assets/stylesheets/application.css  (0ms)  (pid 85164)
Served asset /application.css - 304 Not Modified  (2ms)  (pid 85164)


Started GET "/assets/application.js" for 127.0.0.1 at 2011-06-07 13:16:03 +1000
Error compiling asset application.js:
Sprockets::FileNotFound: couldn't find file 'jquery'
  (in /Users/ryan/Sites/book/forem/spec/dummy/app/assets/javascripts/application.js:7)
Served asset /application.js - 500 Internal Server Error



Started GET "/forem/topics/1" for 127.0.0.1 at 2011-06-07 13:16:04 +1000
  Processing by Forem::TopicsController#show as HTML
  Parameters: {"id"=>"1"}
  [1m[35mForem::Topic Load (0.1ms)[0m  SELECT "forem_topics".* FROM "forem_topics" WHERE "forem_topics"."id" = ? LIMIT 1  [["id", "1"]]
  [1m[36mForem::Post Load (0.2ms)[0m  [1mSELECT "forem_posts".* FROM "forem_posts" WHERE "forem_posts"."topic_id" = 1 ORDER BY created_at ASC[0m
Rendered /Users/ryan/Sites/book/forem/app/views/forem/posts/_post.html.erb (5.7ms)
Rendered /Users/ryan/Sites/book/forem/app/views/forem/topics/show.html.erb within layouts/application (28.2ms)
Completed 200 OK in 35ms (Views: 31.9ms | ActiveRecord: 1.0ms)
  [1m[36m (0.1ms)[0m  [1mSELECT "schema_migrations"."version" FROM "schema_migrations" [0m
Migrating to CreateForemTopics (20110607020624)
Migrating to CreateForemPosts (20110607021444)
Migrating to AddPostsCountToForemTopics (20110607035916)
  [1m[35m (0.1ms)[0m  select sqlite_version(*)
  [1m[36m (0.5ms)[0m  [1mALTER TABLE "forem_topics" ADD "posts_count" integer DEFAULT 0[0m
  [1m[35m (0.1ms)[0m  INSERT INTO "schema_migrations" ("version") VALUES ('20110607035916')
  [1m[36m (0.1ms)[0m  [1mSELECT "schema_migrations"."version" FROM "schema_migrations" [0m
  [1m[35m (0.0ms)[0m  PRAGMA index_list("forem_posts")
  [1m[36m (0.0ms)[0m  [1mPRAGMA index_list("forem_topics")[0m
